<?xml version="1.0" encoding="UTF-8"?>
<testng-results ignored="0" total="3" passed="3" failed="0" skipped="0">
  <reporter-output>
  </reporter-output>
  <suite started-at="2024-10-31T12:13:54 CDT" name="MySuite" finished-at="2024-10-31T12:14:30 CDT" duration-ms="35961">
    <groups>
      <group name="Sanity">
        <method signature="CartVerificationTest.testCartVerification()[pri:0, instance:CartVerificationTest@5db6b9cd]" name="testCartVerification" class="CartVerificationTest"/>
      </group> <!-- Sanity -->
      <group name="Regression">
        <method signature="SortingAndAddingProductsToCartTest.testSortingAndAddingProductsToCart()[pri:0, instance:SortingAndAddingProductsToCartTest@34bde49d]" name="testSortingAndAddingProductsToCart" class="SortingAndAddingProductsToCartTest"/>
      </group> <!-- Regression -->
      <group name="Smoke">
        <method signature="LoginAndBasicValidationsTest.testLogin()[pri:0, instance:LoginAndBasicValidationsTest@5b7a7f33]" name="testLogin" class="LoginAndBasicValidationsTest"/>
      </group> <!-- Smoke -->
    </groups>
    <test started-at="2024-10-31T12:13:54 CDT" name="MyTest01" finished-at="2024-10-31T12:14:12 CDT" duration-ms="18031">
      <class name="LoginAndBasicValidationsTest">
        <test-method is-config="true" signature="setUp()[pri:0, instance:LoginAndBasicValidationsTest@5b7a7f33]" started-at="2024-10-31T12:13:54 CDT" name="setUp" finished-at="2024-10-31T12:14:03 CDT" duration-ms="9278" status="PASS">
          <reporter-output>
          </reporter-output>
        </test-method> <!-- setUp -->
        <test-method signature="testLogin()[pri:0, instance:LoginAndBasicValidationsTest@5b7a7f33]" started-at="2024-10-31T12:14:03 CDT" name="testLogin" finished-at="2024-10-31T12:14:11 CDT" duration-ms="7752" status="PASS">
          <reporter-output>
          </reporter-output>
        </test-method> <!-- testLogin -->
        <test-method is-config="true" signature="tearDown()[pri:0, instance:LoginAndBasicValidationsTest@5b7a7f33]" started-at="2024-10-31T12:14:11 CDT" name="tearDown" finished-at="2024-10-31T12:14:12 CDT" duration-ms="903" status="PASS">
          <reporter-output>
          </reporter-output>
        </test-method> <!-- tearDown -->
      </class> <!-- LoginAndBasicValidationsTest -->
    </test> <!-- MyTest01 -->
    <test started-at="2024-10-31T12:14:12 CDT" name="MyTest02" finished-at="2024-10-31T12:14:22 CDT" duration-ms="10101">
      <class name="SortingAndAddingProductsToCartTest">
        <test-method is-config="true" signature="setUp()[pri:0, instance:SortingAndAddingProductsToCartTest@34bde49d]" started-at="2024-10-31T12:14:12 CDT" name="setUp" finished-at="2024-10-31T12:14:18 CDT" duration-ms="5810" status="PASS">
          <reporter-output>
          </reporter-output>
        </test-method> <!-- setUp -->
        <test-method signature="testSortingAndAddingProductsToCart()[pri:0, instance:SortingAndAddingProductsToCartTest@34bde49d]" started-at="2024-10-31T12:14:18 CDT" name="testSortingAndAddingProductsToCart" finished-at="2024-10-31T12:14:21 CDT" duration-ms="3567" status="PASS">
          <reporter-output>
          </reporter-output>
        </test-method> <!-- testSortingAndAddingProductsToCart -->
        <test-method is-config="true" signature="tearDown()[pri:0, instance:SortingAndAddingProductsToCartTest@34bde49d]" started-at="2024-10-31T12:14:21 CDT" name="tearDown" finished-at="2024-10-31T12:14:22 CDT" duration-ms="720" status="PASS">
          <reporter-output>
          </reporter-output>
        </test-method> <!-- tearDown -->
      </class> <!-- SortingAndAddingProductsToCartTest -->
    </test> <!-- MyTest02 -->
    <test started-at="2024-10-31T12:14:22 CDT" name="MyTest03" finished-at="2024-10-31T12:14:30 CDT" duration-ms="7826">
      <class name="CartVerificationTest">
        <test-method is-config="true" signature="setUp()[pri:0, instance:CartVerificationTest@5db6b9cd]" started-at="2024-10-31T12:14:22 CDT" name="setUp" finished-at="2024-10-31T12:14:26 CDT" duration-ms="4077" status="PASS">
          <reporter-output>
          </reporter-output>
        </test-method> <!-- setUp -->
        <test-method signature="testCartVerification()[pri:0, instance:CartVerificationTest@5db6b9cd]" started-at="2024-10-31T12:14:26 CDT" name="testCartVerification" finished-at="2024-10-31T12:14:29 CDT" duration-ms="3045" status="PASS">
          <reporter-output>
          </reporter-output>
        </test-method> <!-- testCartVerification -->
        <test-method is-config="true" signature="tearDown()[pri:0, instance:CartVerificationTest@5db6b9cd]" started-at="2024-10-31T12:14:29 CDT" name="tearDown" finished-at="2024-10-31T12:14:30 CDT" duration-ms="701" status="PASS">
          <reporter-output>
          </reporter-output>
        </test-method> <!-- tearDown -->
      </class> <!-- CartVerificationTest -->
    </test> <!-- MyTest03 -->
  </suite> <!-- MySuite -->
</testng-results>
